{"D:\\github\\learn-react\\init-react\\__tests__\\utils\\TestComponent.jsx": {"path":"D:\\github\\learn-react\\init-react\\__tests__\\utils\\TestComponent.jsx","statementMap":{"0":{"start":{"line":8,"column":41},"end":{"line":15,"column":1}},"1":{"start":{"line":9,"column":22},"end":{"line":12,"column":4}},"2":{"start":{"line":13,"column":16},"end":{"line":13,"column":50}},"3":{"start":{"line":14,"column":2},"end":{"line":14,"column":64}}},"fnMap":{"0":{"name":"(anonymous_0)","decl":{"start":{"line":8,"column":41},"end":{"line":8,"column":42}},"loc":{"start":{"line":8,"column":66},"end":{"line":15,"column":1}},"line":8}},"branchMap":{},"s":{"0":1,"1":1,"2":1,"3":1},"f":{"0":1},"b":{},"_coverageSchema":"1a1c01bbd47fc00a2c39e90264f33305004495a9","hash":"192fae0d3d815e9060175fc3f2f8bcf3d876d92a"}
,"D:\\github\\learn-react\\init-react\\src\\TodoList.jsx": {"path":"D:\\github\\learn-react\\init-react\\src\\TodoList.jsx","statementMap":{"0":{"start":{"line":8,"column":19},"end":{"line":8,"column":24}},"1":{"start":{"line":9,"column":2},"end":{"line":9,"column":59}},"2":{"start":{"line":12,"column":0},"end":{"line":14,"column":2}},"3":{"start":{"line":16,"column":0},"end":{"line":18,"column":2}},"4":{"start":{"line":22,"column":19},"end":{"line":22,"column":32}},"5":{"start":{"line":23,"column":19},"end":{"line":23,"column":69}},"6":{"start":{"line":23,"column":42},"end":{"line":23,"column":68}},"7":{"start":{"line":24,"column":32},"end":{"line":24,"column":44}},"8":{"start":{"line":25,"column":2},"end":{"line":38,"column":4}},"9":{"start":{"line":29,"column":50},"end":{"line":29,"column":77}},"10":{"start":{"line":30,"column":47},"end":{"line":30,"column":74}},"11":{"start":{"line":35,"column":8},"end":{"line":35,"column":39}}},"fnMap":{"0":{"name":"Task","decl":{"start":{"line":7,"column":9},"end":{"line":7,"column":13}},"loc":{"start":{"line":7,"column":21},"end":{"line":10,"column":1}},"line":7},"1":{"name":"TodoList","decl":{"start":{"line":20,"column":24},"end":{"line":20,"column":32}},"loc":{"start":{"line":20,"column":35},"end":{"line":39,"column":1}},"line":20},"2":{"name":"(anonymous_2)","decl":{"start":{"line":23,"column":31},"end":{"line":23,"column":32}},"loc":{"start":{"line":23,"column":42},"end":{"line":23,"column":68}},"line":23},"3":{"name":"(anonymous_3)","decl":{"start":{"line":29,"column":41},"end":{"line":29,"column":42}},"loc":{"start":{"line":29,"column":48},"end":{"line":29,"column":79}},"line":29},"4":{"name":"(anonymous_4)","decl":{"start":{"line":30,"column":39},"end":{"line":30,"column":40}},"loc":{"start":{"line":30,"column":45},"end":{"line":30,"column":76}},"line":30},"5":{"name":"(anonymous_5)","decl":{"start":{"line":34,"column":20},"end":{"line":34,"column":21}},"loc":{"start":{"line":35,"column":8},"end":{"line":35,"column":39}},"line":35}},"branchMap":{},"s":{"0":2,"1":2,"2":1,"3":1,"4":1,"5":1,"6":1,"7":1,"8":1,"9":0,"10":0,"11":2},"f":{"0":2,"1":1,"2":1,"3":0,"4":0,"5":2},"b":{},"_coverageSchema":"1a1c01bbd47fc00a2c39e90264f33305004495a9","hash":"09199139e468e34c7187413da22ac34d4c0339f9"}
,"D:\\github\\learn-react\\init-react\\src\\action\\todolist.js": {"path":"D:\\github\\learn-react\\init-react\\src\\action\\todolist.js","statementMap":{"0":{"start":{"line":1,"column":24},"end":{"line":1,"column":34}},"1":{"start":{"line":3,"column":23},"end":{"line":8,"column":2}},"2":{"start":{"line":3,"column":32},"end":{"line":8,"column":1}},"3":{"start":{"line":10,"column":32},"end":{"line":10,"column":50}},"4":{"start":{"line":11,"column":30},"end":{"line":13,"column":2}},"5":{"start":{"line":11,"column":37},"end":{"line":13,"column":1}},"6":{"start":{"line":15,"column":34},"end":{"line":15,"column":54}},"7":{"start":{"line":17,"column":32},"end":{"line":22,"column":2}},"8":{"start":{"line":17,"column":41},"end":{"line":22,"column":1}}},"fnMap":{"0":{"name":"(anonymous_0)","decl":{"start":{"line":3,"column":23},"end":{"line":3,"column":24}},"loc":{"start":{"line":3,"column":32},"end":{"line":8,"column":1}},"line":3},"1":{"name":"(anonymous_1)","decl":{"start":{"line":11,"column":30},"end":{"line":11,"column":31}},"loc":{"start":{"line":11,"column":37},"end":{"line":13,"column":1}},"line":11},"2":{"name":"(anonymous_2)","decl":{"start":{"line":17,"column":32},"end":{"line":17,"column":33}},"loc":{"start":{"line":17,"column":41},"end":{"line":22,"column":1}},"line":17}},"branchMap":{},"s":{"0":4,"1":4,"2":0,"3":4,"4":4,"5":0,"6":4,"7":4,"8":3},"f":{"0":0,"1":0,"2":3},"b":{},"_coverageSchema":"1a1c01bbd47fc00a2c39e90264f33305004495a9","hash":"0395c9fb86bb6c60b7cfa07821dbe74a05434928"}
,"D:\\github\\learn-react\\init-react\\src\\api\\content.js": {"path":"D:\\github\\learn-react\\init-react\\src\\api\\content.js","statementMap":{"0":{"start":{"line":1,"column":26},"end":{"line":2,"column":70}},"1":{"start":{"line":2,"column":2},"end":{"line":2,"column":70}},"2":{"start":{"line":2,"column":54},"end":{"line":2,"column":69}}},"fnMap":{"0":{"name":"(anonymous_0)","decl":{"start":{"line":1,"column":26},"end":{"line":1,"column":27}},"loc":{"start":{"line":2,"column":2},"end":{"line":2,"column":70}},"line":2},"1":{"name":"(anonymous_1)","decl":{"start":{"line":2,"column":40},"end":{"line":2,"column":41}},"loc":{"start":{"line":2,"column":54},"end":{"line":2,"column":69}},"line":2}},"branchMap":{},"s":{"0":1,"1":0,"2":0},"f":{"0":0,"1":0},"b":{},"_coverageSchema":"1a1c01bbd47fc00a2c39e90264f33305004495a9","hash":"f5c92d98c4ba6db8ff2b9f4b084527567402ca7a"}
,"D:\\github\\learn-react\\init-react\\src\\component\\Content.jsx": {"path":"D:\\github\\learn-react\\init-react\\src\\component\\Content.jsx","statementMap":{"0":{"start":{"line":6,"column":19},"end":{"line":6,"column":32}},"1":{"start":{"line":7,"column":15},"end":{"line":7,"column":61}},"2":{"start":{"line":7,"column":38},"end":{"line":7,"column":60}},"3":{"start":{"line":8,"column":2},"end":{"line":21,"column":4}},"4":{"start":{"line":16,"column":10},"end":{"line":16,"column":37}}},"fnMap":{"0":{"name":"Content","decl":{"start":{"line":5,"column":24},"end":{"line":5,"column":31}},"loc":{"start":{"line":5,"column":34},"end":{"line":22,"column":1}},"line":5},"1":{"name":"(anonymous_1)","decl":{"start":{"line":7,"column":27},"end":{"line":7,"column":28}},"loc":{"start":{"line":7,"column":38},"end":{"line":7,"column":60}},"line":7},"2":{"name":"(anonymous_2)","decl":{"start":{"line":15,"column":17},"end":{"line":15,"column":18}},"loc":{"start":{"line":15,"column":23},"end":{"line":17,"column":9}},"line":15}},"branchMap":{"0":{"loc":{"start":{"line":11,"column":9},"end":{"line":11,"column":48}},"type":"cond-expr","locations":[{"start":{"line":11,"column":16},"end":{"line":11,"column":36}},{"start":{"line":11,"column":39},"end":{"line":11,"column":48}}],"line":11}},"s":{"0":2,"1":2,"2":2,"3":2,"4":1},"f":{"0":2,"1":2,"2":1},"b":{"0":[2,0]},"_coverageSchema":"1a1c01bbd47fc00a2c39e90264f33305004495a9","hash":"11c2cc91ef96e8e2131961bf2627df1f5498f89f"}
,"D:\\github\\learn-react\\init-react\\src\\component\\Counter.jsx": {"path":"D:\\github\\learn-react\\init-react\\src\\component\\Counter.jsx","statementMap":{"0":{"start":{"line":4,"column":28},"end":{"line":4,"column":39}},"1":{"start":{"line":5,"column":2},"end":{"line":18,"column":4}},"2":{"start":{"line":11,"column":10},"end":{"line":11,"column":30}}},"fnMap":{"0":{"name":"Counter","decl":{"start":{"line":3,"column":24},"end":{"line":3,"column":31}},"loc":{"start":{"line":3,"column":34},"end":{"line":19,"column":1}},"line":3},"1":{"name":"(anonymous_1)","decl":{"start":{"line":10,"column":17},"end":{"line":10,"column":18}},"loc":{"start":{"line":10,"column":23},"end":{"line":12,"column":9}},"line":10}},"branchMap":{},"s":{"0":3,"1":3,"2":1},"f":{"0":3,"1":1},"b":{},"_coverageSchema":"1a1c01bbd47fc00a2c39e90264f33305004495a9","hash":"9c9591a1ae5f9442aee8191ef748d0aa89b9a4c5"}
,"D:\\github\\learn-react\\init-react\\src\\component\\Main\\Main.jsx": {"path":"D:\\github\\learn-react\\init-react\\src\\component\\Main\\Main.jsx","statementMap":{"0":{"start":{"line":9,"column":13},"end":{"line":29,"column":1}},"1":{"start":{"line":10,"column":2},"end":{"line":28,"column":8}}},"fnMap":{"0":{"name":"(anonymous_0)","decl":{"start":{"line":9,"column":13},"end":{"line":9,"column":14}},"loc":{"start":{"line":10,"column":2},"end":{"line":28,"column":8}},"line":10}},"branchMap":{},"s":{"0":1,"1":1},"f":{"0":1},"b":{},"_coverageSchema":"1a1c01bbd47fc00a2c39e90264f33305004495a9","hash":"9a02273fd480554d754306c7e6e75a80d5853189"}
,"D:\\github\\learn-react\\init-react\\src\\component\\Main\\index.js": {"path":"D:\\github\\learn-react\\init-react\\src\\component\\Main\\index.js","statementMap":{},"fnMap":{},"branchMap":{},"s":{},"f":{},"b":{},"_coverageSchema":"1a1c01bbd47fc00a2c39e90264f33305004495a9","hash":"1ac77ab8bc6eee91c44ff2fc1a51b81379c5db5f"}
,"D:\\github\\learn-react\\init-react\\src\\component\\list\\List.jsx": {"path":"D:\\github\\learn-react\\init-react\\src\\component\\list\\List.jsx","statementMap":{"0":{"start":{"line":5,"column":16},"end":{"line":5,"column":44}},"1":{"start":{"line":6,"column":2},"end":{"line":6,"column":49}},"2":{"start":{"line":9,"column":0},"end":{"line":11,"column":2}},"3":{"start":{"line":13,"column":0},"end":{"line":15,"column":2}}},"fnMap":{"0":{"name":"List","decl":{"start":{"line":4,"column":24},"end":{"line":4,"column":28}},"loc":{"start":{"line":4,"column":36},"end":{"line":7,"column":1}},"line":4}},"branchMap":{},"s":{"0":0,"1":0,"2":1,"3":1},"f":{"0":0},"b":{},"_coverageSchema":"1a1c01bbd47fc00a2c39e90264f33305004495a9","hash":"e87968fbca47c829cab72708a0fd767c5cf569e2"}
,"D:\\github\\learn-react\\init-react\\src\\reducer\\other.js": {"path":"D:\\github\\learn-react\\init-react\\src\\reducer\\other.js","statementMap":{"0":{"start":{"line":1,"column":18},"end":{"line":3,"column":3}},"1":{"start":{"line":5,"column":23},"end":{"line":10,"column":3}},"2":{"start":{"line":6,"column":4},"end":{"line":9,"column":5}},"3":{"start":{"line":8,"column":8},"end":{"line":8,"column":21}}},"fnMap":{"0":{"name":"(anonymous_0)","decl":{"start":{"line":5,"column":23},"end":{"line":5,"column":24}},"loc":{"start":{"line":5,"column":54},"end":{"line":10,"column":3}},"line":5}},"branchMap":{"0":{"loc":{"start":{"line":5,"column":24},"end":{"line":5,"column":41}},"type":"default-arg","locations":[{"start":{"line":5,"column":32},"end":{"line":5,"column":41}}],"line":5},"1":{"loc":{"start":{"line":6,"column":4},"end":{"line":9,"column":5}},"type":"switch","locations":[{"start":{"line":7,"column":6},"end":{"line":8,"column":21}}],"line":6}},"s":{"0":2,"1":2,"2":6,"3":6},"f":{"0":6},"b":{"0":[6],"1":[6]},"_coverageSchema":"1a1c01bbd47fc00a2c39e90264f33305004495a9","hash":"0d7e871c21a4e6cfa6f8c2db646186ee0d6544fb"}
,"D:\\github\\learn-react\\init-react\\src\\reducer\\todolist.js": {"path":"D:\\github\\learn-react\\init-react\\src\\reducer\\todolist.js","statementMap":{"0":{"start":{"line":3,"column":18},"end":{"line":6,"column":1}},"1":{"start":{"line":8,"column":20},"end":{"line":23,"column":1}},"2":{"start":{"line":9,"column":2},"end":{"line":22,"column":3}},"3":{"start":{"line":11,"column":6},"end":{"line":14,"column":8}},"4":{"start":{"line":16,"column":6},"end":{"line":19,"column":8}},"5":{"start":{"line":21,"column":6},"end":{"line":21,"column":19}}},"fnMap":{"0":{"name":"(anonymous_0)","decl":{"start":{"line":8,"column":20},"end":{"line":8,"column":21}},"loc":{"start":{"line":8,"column":51},"end":{"line":23,"column":1}},"line":8}},"branchMap":{"0":{"loc":{"start":{"line":8,"column":21},"end":{"line":8,"column":38}},"type":"default-arg","locations":[{"start":{"line":8,"column":29},"end":{"line":8,"column":38}}],"line":8},"1":{"loc":{"start":{"line":9,"column":2},"end":{"line":22,"column":3}},"type":"switch","locations":[{"start":{"line":10,"column":4},"end":{"line":14,"column":8}},{"start":{"line":15,"column":4},"end":{"line":19,"column":8}},{"start":{"line":20,"column":4},"end":{"line":21,"column":19}}],"line":9}},"s":{"0":3,"1":3,"2":7,"3":0,"4":1,"5":6},"f":{"0":7},"b":{"0":[5],"1":[0,1,6]},"_coverageSchema":"1a1c01bbd47fc00a2c39e90264f33305004495a9","hash":"452c923e90cb98c43323a4badf51b1b8ddb8da68"}
,"D:\\github\\learn-react\\init-react\\src\\sagas\\content.js": {"path":"D:\\github\\learn-react\\init-react\\src\\sagas\\content.js","statementMap":{"0":{"start":{"line":6,"column":15},"end":{"line":6,"column":37}},"1":{"start":{"line":7,"column":2},"end":{"line":7,"column":36}},"2":{"start":{"line":11,"column":2},"end":{"line":11,"column":47}}},"fnMap":{"0":{"name":"fetchData","decl":{"start":{"line":5,"column":17},"end":{"line":5,"column":26}},"loc":{"start":{"line":5,"column":29},"end":{"line":8,"column":1}},"line":5},"1":{"name":"mySaga","decl":{"start":{"line":10,"column":10},"end":{"line":10,"column":16}},"loc":{"start":{"line":10,"column":19},"end":{"line":12,"column":1}},"line":10}},"branchMap":{},"s":{"0":1,"1":1,"2":0},"f":{"0":1,"1":0},"b":{},"_coverageSchema":"1a1c01bbd47fc00a2c39e90264f33305004495a9","hash":"9e075bfe826bb63528a56c2532bd88c3ec7b1d9a"}
,"D:\\github\\learn-react\\init-react\\src\\utils\\car.js": {"path":"D:\\github\\learn-react\\init-react\\src\\utils\\car.js","statementMap":{"0":{"start":{"line":3,"column":12},"end":{"line":14,"column":1}},"1":{"start":{"line":7,"column":23},"end":{"line":7,"column":37}},"2":{"start":{"line":10,"column":20},"end":{"line":10,"column":44}},"3":{"start":{"line":11,"column":4},"end":{"line":11,"column":46}},"4":{"start":{"line":12,"column":4},"end":{"line":12,"column":19}}},"fnMap":{"0":{"name":"(anonymous_0)","decl":{"start":{"line":7,"column":17},"end":{"line":7,"column":18}},"loc":{"start":{"line":7,"column":23},"end":{"line":7,"column":37}},"line":7},"1":{"name":"(anonymous_1)","decl":{"start":{"line":9,"column":16},"end":{"line":9,"column":17}},"loc":{"start":{"line":9,"column":33},"end":{"line":13,"column":3}},"line":9}},"branchMap":{},"s":{"0":1,"1":1,"2":1,"3":1,"4":1},"f":{"0":1,"1":1},"b":{},"_coverageSchema":"1a1c01bbd47fc00a2c39e90264f33305004495a9","hash":"43da072852f07090858c537ab22f7cdfe36dde7e"}
,"D:\\github\\learn-react\\init-react\\src\\utils\\math.js": {"path":"D:\\github\\learn-react\\init-react\\src\\utils\\math.js","statementMap":{"0":{"start":{"line":1,"column":19},"end":{"line":1,"column":34}},"1":{"start":{"line":1,"column":29},"end":{"line":1,"column":34}},"2":{"start":{"line":3,"column":19},"end":{"line":3,"column":34}},"3":{"start":{"line":3,"column":29},"end":{"line":3,"column":34}}},"fnMap":{"0":{"name":"(anonymous_0)","decl":{"start":{"line":1,"column":19},"end":{"line":1,"column":20}},"loc":{"start":{"line":1,"column":29},"end":{"line":1,"column":34}},"line":1},"1":{"name":"(anonymous_1)","decl":{"start":{"line":3,"column":19},"end":{"line":3,"column":20}},"loc":{"start":{"line":3,"column":29},"end":{"line":3,"column":34}},"line":3}},"branchMap":{},"s":{"0":1,"1":0,"2":1,"3":2},"f":{"0":0,"1":2},"b":{},"_coverageSchema":"1a1c01bbd47fc00a2c39e90264f33305004495a9","hash":"205570964466bd132c718c5497ccbb5360a1f1ed"}
}
